<?xml version="1.0" encoding="UTF-8"?>
<testsuite xmlns:xsi="http://www.w3.org/2001/XMLSchema-instance" xsi:noNamespaceSchemaLocation="https://maven.apache.org/surefire/maven-surefire-plugin/xsd/surefire-test-report.xsd" name="proyecto.vehiculos.CocheTest" time="0.175" tests="2" errors="0" skipped="0" failures="0">
  <properties>
[...]
</properties>
  <testcase name="testGetId" classname="proyecto.vehiculos.CocheTest" time="0.119"/>
  <testcase name="testGetOrigin" classname="proyecto.vehiculos.CocheTest" time="0.028"/>
</testsuite>